09:33:30 78.3
09:33:33 79.1
09:33:36 78.5
09:33:39 78.6
09:33:42 78.6
09:33:45 78.3
09:33:48 79.1
START
09:33:51 79.0
09:33:54 78.6
09:33:57 79.5
09:34:00 78.7
09:34:03 79.0
09:34:06 78.7
PERIOD=7
09:34:09 79.0
09:34:16 79.4
09:34:23 78.4
09:34:30 79.6
09:34:37 78.7
09:34:44 78.9
09:34:51 79.2
DISP Y
09:34:58 78.7
09:35:05 79.6
09:35:12 78.3
09:35:19 79.5
09:35:26 79.3
09:35:33 78.4
09:35:40 79.3
SCALE=C
09:35:47 25.8
09:35:54 26.2
09:36:01 25.8
09:36:08 25.7
09:36:15 26.2
09:36:22 26.3
09:36:29 25.9
SCALE=F
09:36:36 79.5
09:36:43 78.3
09:36:50 78.7
09:36:57 79.0
09:37:04 79.1
09:37:11 79.1
09:37:18 78.9
PERIOD=3
09:37:25 78.2
09:37:28 78.5
09:37:31 79.3
STOP
OFF
