10:15:24 78.9
10:15:27 78.8
10:15:30 79.3
10:15:33 78.4
10:15:36 78.7
10:15:39 78.9
10:15:42 79.0
START
10:15:45 78.4
10:15:48 79.5
10:15:51 79.5
10:15:54 78.2
10:15:57 79.2
10:16:00 78.8
PERIOD=7
10:16:03 79.4
10:16:10 78.3
10:16:17 79.5
10:16:24 78.8
10:16:31 79.4
10:16:38 78.5
10:16:45 78.3
DISP Y
10:16:52 79.5
10:16:59 78.9
10:17:06 79.2
10:17:13 79.1
10:17:20 78.9
10:17:27 78.4
10:17:34 79.4
SCALE=C
10:17:41 26.4
10:17:48 25.9
10:17:55 25.7
10:18:02 25.9
10:18:09 26.3
10:18:16 26.0
10:18:23 25.8
SCALE=F
10:18:30 79.6
10:18:37 79.3
10:18:44 79.1
10:18:51 79.0
10:18:58 79.6
10:19:05 79.0
10:19:12 78.8
PERIOD=3
10:19:19 79.6
10:19:22 78.6
10:19:25 79.5
STOP
OFF
