12:23:31 85.0
12:23:34 84.4
12:23:37 84.2
12:23:40 84.2
12:23:43 83.8
12:23:46 83.8
12:23:49 83.9
START
12:23:52 83.5
12:23:55 83.0
12:23:58 83.6
12:24:01 82.7
12:24:04 82.7
12:24:07 83.0
PERIOD=7
12:24:10 82.7
12:24:17 82.4
12:24:24 82.7
12:24:31 82.3
12:24:38 82.4
12:24:46 82.9
12:24:53 82.6
DISP Y
12:25:00 81.5
12:25:07 82.4
12:25:14 82.1
12:25:21 81.2
12:25:28 81.7
12:25:35 81.8
12:25:42 82.3
SCALE=C
12:25:49 27.6
12:25:56 27.8
12:26:03 28.0
12:26:10 28.3
12:26:17 27.8
12:26:24 28.8
12:26:31 29.8
SCALE=F
12:26:38 85.9
12:26:45 88.7
12:26:52 89.0
12:26:59 89.1
12:27:06 89.1
12:27:13 89.6
12:27:20 89.1
PERIOD=3
12:27:27 89.1
12:27:30 88.8
12:27:33 88.2
STOP E I
12:27:36 88.2
STOP
PERIOD=008
SCALE=A I
DISP N
STOP
SCALE=C
START
12:28:17 29.8
12:28:25 29.1
12:28:33 29.5
12:28:41 29.1
12:28:49 29.4
12:28:57 28.8
12:29:05 28.4
12:29:13 28.9
START E I
12:29:21 28.6
12:29:29 28.8
12:29:37 28.6
12:29:45 28.4
12:29:53 28.8
12:30:01 28.8
12:30:09 28.5
12:30:17 28.0
PERIOD=06
12:30:25 27.9
12:30:31 27.8
12:30:37 27.8
12:30:43 28.2
12:30:49 27.6
12:30:55 28.1
DISP Y
12:31:01 28.2
12:31:07 28.2
12:31:13 27.6
12:31:19 27.7
12:31:25 27.8
12:31:31 27.3
DISP M I
12:31:37 27.4
12:31:43 27.6
12:31:49 27.3
12:31:55 28.1
12:32:01 27.7
12:32:07 27.5
SCALE=C
12:32:13 27.6
12:32:19 27.9
12:32:25 27.4
12:32:32 27.6
12:32:38 27.3
12:32:44 27.8
START
12:32:50 27.3
12:32:56 27.6
12:33:02 27.1
12:33:08 27.4
12:33:14 27.7
12:33:20 27.5
SCALE=F
12:33:26 82.0
12:33:32 82.3
12:33:38 81.5
12:33:44 81.2
12:33:50 80.5
12:33:56 80.6
PERIOD=0004
12:34:02 79.6
12:34:06 80.3
12:34:10 79.6
12:34:14 79.3
STOP
OFF
