18:31:22 57.9
18:31:23 70.4
18:31:24 70.8
18:31:25 71.4
18:31:26 80.8
18:31:27 76.8
18:31:28 83.5
18:31:29 86.8
18:31:30 80.8
18:31:31 92.0
18:31:32 80.9
18:31:33 89.9
18:31:34 89.5
18:31:35 85.3
18:31:37 93.3
18:31:38 87.0
18:31:39 86.8
18:31:40 85.7
18:31:41 85.0
18:31:42 84.5
18:31:43 84.7
18:31:44 84.4
18:31:45 83.9
18:31:46 83.8
18:31:47 82.4
18:31:48 82.3
18:31:49 81.1
18:31:50 82.3
18:31:51 82.1
18:31:52 81.8
18:31:53 81.2
18:31:54 80.5
18:31:55 80.6
18:31:56 80.8
18:31:57 80.3
18:31:58 80.5
18:31:59 79.7
18:32:00 79.9
18:32:01 80.2
18:32:02 79.6
18:32:03 79.6
18:32:04 79.3
18:32:05 79.7
18:32:06 79.7
18:32:07 78.2
18:32:08 79.4
18:32:09 78.2
18:32:10 77.8
18:32:11 78.0
18:32:12 78.5
18:32:13 77.7
18:32:14 78.1
18:32:15 77.4
18:32:16 78.1
18:32:17 77.7
18:32:18 77.5
18:32:19 77.5
18:32:20 76.8
18:32:21 77.1
18:32:22 77.7
18:32:23 76.9
18:32:24 76.8
18:32:25 77.2
18:32:26 76.3
18:32:27 76.9
18:32:28 76.9
18:32:29 76.6
18:32:30 76.3
18:32:31 76.3
18:32:32 76.1
18:32:33 76.8
18:32:34 75.6
