12:11:52 83.0
12:11:55 83.0
12:11:58 82.7
12:12:01 83.6
12:12:04 83.2
12:12:07 82.3
12:12:10 81.8
START
12:12:13 81.7
12:12:16 81.7
12:12:19 81.8
12:12:22 81.5
12:12:25 81.5
12:12:28 81.7
PERIOD=7
12:12:31 81.1
12:12:38 81.5
12:12:45 81.1
12:12:52 81.4
12:12:59 81.4
12:13:06 80.5
12:13:13 81.7
DISP Y
12:13:20 81.5
12:13:27 81.7
12:13:34 82.1
12:13:41 83.3
12:13:48 82.9
12:13:55 83.5
12:14:02 84.1
SCALE=C
12:14:09 28.8
12:14:16 29.0
12:14:23 28.2
12:14:30 28.2
12:14:37 28.4
12:14:44 27.8
12:14:51 27.8
SCALE=F
12:14:58 80.9
12:15:05 84.7
12:15:12 83.6
12:15:19 85.4
12:15:26 85.1
12:15:33 85.1
12:15:40 85.0
PERIOD=3
12:15:47 84.1
12:15:50 84.7
12:15:53 84.4
STOP E I
12:15:56 84.8
STOP
PERIOD=008
SCALE=A I
DISP N
STOP
SCALE=C
START
12:16:39 28.8
12:16:47 28.7
12:16:56 28.8
12:17:04 28.5
12:17:12 29.0
12:17:20 28.1
12:17:28 28.3
12:17:36 28.7
START E I
12:17:44 28.5
12:17:52 29.1
12:18:00 28.4
12:18:08 28.4
12:18:16 28.4
12:18:24 28.7
12:18:32 28.4
12:18:40 28.1
PERIOD=06
12:18:48 28.1
12:18:54 29.7
12:19:00 31.6
12:19:06 31.9
12:19:12 31.9
12:19:18 31.9
DISP Y
12:19:24 32.3
12:19:30 32.1
12:19:36 32.1
12:19:42 32.2
12:19:48 32.3
12:19:54 31.1
DISP M I
12:20:00 31.0
12:20:06 30.5
12:20:12 29.3
12:20:18 29.8
12:20:24 29.7
12:20:30 29.4
12:20:36 29.3
12:20:42 29.0
12:20:48 28.9
12:20:54 29.1
SCALE=C
12:21:00 28.9
12:21:06 28.8
12:21:12 28.8
12:21:18 28.4
12:21:24 28.5
12:21:30 28.5
START
12:21:36 28.3
12:21:42 28.1
12:21:48 28.0
12:21:54 28.3
12:22:00 27.8
12:22:06 27.6
SCALE=F
12:22:12 81.7
12:22:18 82.7
12:22:24 82.0
12:22:30 82.4
12:22:36 86.5
12:22:42 87.9
PERIOD=0004
12:22:48 88.4
12:22:52 88.8
12:22:56 88.7
12:23:00 88.4
STOP
OFF
